# JRE version: Java(TM) SE Runtime Environment (8.0_191-b12) (build 1.8.0_191-b12)
# Java VM: Java HotSpot(TM) 64-Bit Server VM (25.191-b12 mixed mode windows-amd64 compressed oops)
Heap:
 PSYoungGen      total 158208K, used 7512K [0x0000000780600000, 0x000000078e500000, 0x00000007c0000000)
  eden space 145408K, 0% used [0x0000000780600000,0x0000000780600000,0x0000000789400000)
  from space 12800K, 58% used [0x0000000789400000,0x0000000789b561a0,0x000000078a080000)
  to   space 12288K, 0% used [0x000000078d900000,0x000000078d900000,0x000000078e500000)
 ParOldGen       total 87040K, used 19704K [0x0000000701200000, 0x0000000706700000, 0x0000000780600000)
  object space 87040K, 22% used [0x0000000701200000,0x000000070253e290,0x0000000706700000)
 Metaspace       used 34741K, capacity 35084K, committed 35416K, reserved 1081344K
  class space    used 4311K, capacity 4401K, committed 4480K, reserved 1048576K
GC Heap History (10 events):
Event: 19.615 GC heap after
Heap after GC invocations=10 (full 1):
 PSYoungGen      total 90112K, used 6677K [0x0000000780600000, 0x0000000788900000, 0x00000007c0000000)
  eden space 75264K, 0% used [0x0000000780600000,0x0000000780600000,0x0000000784f80000)
  from space 14848K, 44% used [0x0000000784f80000,0x0000000785605750,0x0000000785e00000)
  to   space 14336K, 0% used [0x0000000787b00000,0x0000000787b00000,0x0000000788900000)
 ParOldGen       total 87040K, used 12714K [0x0000000701200000, 0x0000000706700000, 0x0000000780600000)
  object space 87040K, 14% used [0x0000000701200000,0x0000000701e6aa30,0x0000000706700000)
 Metaspace       used 25039K, capacity 25354K, committed 25728K, reserved 1071104K
  class space    used 3020K, capacity 3116K, committed 3200K, reserved 1048576K
}
Event: 21.505 GC heap before
{Heap before GC invocations=11 (full 1):
 PSYoungGen      total 90112K, used 81941K [0x0000000780600000, 0x0000000788900000, 0x00000007c0000000)
  eden space 75264K, 100% used [0x0000000780600000,0x0000000784f80000,0x0000000784f80000)
  from space 14848K, 44% used [0x0000000784f80000,0x0000000785605750,0x0000000785e00000)
  to   space 14336K, 0% used [0x0000000787b00000,0x0000000787b00000,0x0000000788900000)
 ParOldGen       total 87040K, used 12714K [0x0000000701200000, 0x0000000706700000, 0x0000000780600000)
  object space 87040K, 14% used [0x0000000701200000,0x0000000701e6aa30,0x0000000706700000)
 Metaspace       used 26251K, capacity 26562K, committed 27008K, reserved 1073152K
  class space    used 3264K, capacity 3344K, committed 3456K, reserved 1048576K
Event: 21.524 GC heap after
Heap after GC invocations=11 (full 1):
 PSYoungGen      total 117760K, used 6649K [0x0000000780600000, 0x0000000788780000, 0x00000007c0000000)
  eden space 104960K, 0% used [0x0000000780600000,0x0000000780600000,0x0000000786c80000)
  from space 12800K, 51% used [0x0000000787b00000,0x000000078817e488,0x0000000788780000)
  to   space 13824K, 0% used [0x0000000786c80000,0x0000000786c80000,0x0000000787a00000)
 ParOldGen       total 87040K, used 13899K [0x0000000701200000, 0x0000000706700000, 0x0000000780600000)
  object space 87040K, 15% used [0x0000000701200000,0x0000000701f92ca8,0x0000000706700000)
 Metaspace       used 26251K, capacity 26562K, committed 27008K, reserved 1073152K
  class space    used 3264K, capacity 3344K, committed 3456K, reserved 1048576K
}
Event: 23.751 GC heap before
{Heap before GC invocations=12 (full 1):
 PSYoungGen      total 117760K, used 111609K [0x0000000780600000, 0x0000000788780000, 0x00000007c0000000)
  eden space 104960K, 100% used [0x0000000780600000,0x0000000786c80000,0x0000000786c80000)
  from space 12800K, 51% used [0x0000000787b00000,0x000000078817e488,0x0000000788780000)
  to   space 13824K, 0% used [0x0000000786c80000,0x0000000786c80000,0x0000000787a00000)
 ParOldGen       total 87040K, used 13899K [0x0000000701200000, 0x0000000706700000, 0x0000000780600000)
  object space 87040K, 15% used [0x0000000701200000,0x0000000701f92ca8,0x0000000706700000)
 Metaspace       used 27842K, capacity 28186K, committed 28416K, reserved 1075200K
  class space    used 3459K, capacity 3540K, committed 3584K, reserved 1048576K
Event: 23.811 GC heap after
Heap after GC invocations=12 (full 1):
 PSYoungGen      total 118784K, used 7242K [0x0000000780600000, 0x000000078b180000, 0x00000007c0000000)
  eden space 104960K, 0% used [0x0000000780600000,0x0000000780600000,0x0000000786c80000)
  from space 13824K, 52% used [0x0000000786c80000,0x00000007873929e0,0x0000000787a00000)
  to   space 13312K, 0% used [0x000000078a480000,0x000000078a480000,0x000000078b180000)
 ParOldGen       total 87040K, used 14923K [0x0000000701200000, 0x0000000706700000, 0x0000000780600000)
  object space 87040K, 17% used [0x0000000701200000,0x0000000702092eb0,0x0000000706700000)
 Metaspace       used 27842K, capacity 28186K, committed 28416K, reserved 1075200K
  class space    used 3459K, capacity 3540K, committed 3584K, reserved 1048576K
}
Event: 31.583 GC heap before
{Heap before GC invocations=13 (full 1):
 PSYoungGen      total 118784K, used 112202K [0x0000000780600000, 0x000000078b180000, 0x00000007c0000000)
  eden space 104960K, 100% used [0x0000000780600000,0x0000000786c80000,0x0000000786c80000)
  from space 13824K, 52% used [0x0000000786c80000,0x00000007873929e0,0x0000000787a00000)
  to   space 13312K, 0% used [0x000000078a480000,0x000000078a480000,0x000000078b180000)
 ParOldGen       total 87040K, used 14923K [0x0000000701200000, 0x0000000706700000, 0x0000000780600000)
  object space 87040K, 17% used [0x0000000701200000,0x0000000702092eb0,0x0000000706700000)
 Metaspace       used 31153K, capacity 31504K, committed 32000K, reserved 1077248K
  class space    used 3900K, capacity 3997K, committed 4096K, reserved 1048576K
Event: 31.607 GC heap after
Heap after GC invocations=13 (full 1):
 PSYoungGen      total 154112K, used 6733K [0x0000000780600000, 0x000000078ad00000, 0x00000007c0000000)
  eden space 145408K, 0% used [0x0000000780600000,0x0000000780600000,0x0000000789400000)
  from space 8704K, 77% used [0x000000078a480000,0x000000078ab136a0,0x000000078ad00000)
  to   space 12800K, 0% used [0x0000000789400000,0x0000000789400000,0x000000078a080000)
 ParOldGen       total 87040K, used 15603K [0x0000000701200000, 0x0000000706700000, 0x0000000780600000)
  object space 87040K, 17% used [0x0000000701200000,0x000000070213ceb0,0x0000000706700000)
 Metaspace       used 31153K, capacity 31504K, committed 32000K, reserved 1077248K
  class space    used 3900K, capacity 3997K, committed 4096K, reserved 1048576K
}
Event: 35.125 GC heap before
{Heap before GC invocations=14 (full 1):
 PSYoungGen      total 154112K, used 130680K [0x0000000780600000, 0x000000078ad00000, 0x00000007c0000000)
  eden space 145408K, 85% used [0x0000000780600000,0x0000000787f0ab90,0x0000000789400000)
  from space 8704K, 77% used [0x000000078a480000,0x000000078ab136a0,0x000000078ad00000)
  to   space 12800K, 0% used [0x0000000789400000,0x0000000789400000,0x000000078a080000)
 ParOldGen       total 87040K, used 15603K [0x0000000701200000, 0x0000000706700000, 0x0000000780600000)
  object space 87040K, 17% used [0x0000000701200000,0x000000070213ceb0,0x0000000706700000)
 Metaspace       used 34741K, capacity 35084K, committed 35416K, reserved 1081344K
  class space    used 4311K, capacity 4401K, committed 4480K, reserved 1048576K
Event: 35.193 GC heap after
Heap after GC invocations=14 (full 1):
 PSYoungGen      total 158208K, used 7512K [0x0000000780600000, 0x000000078e500000, 0x00000007c0000000)
  eden space 145408K, 0% used [0x0000000780600000,0x0000000780600000,0x0000000789400000)
  from space 12800K, 58% used [0x0000000789400000,0x0000000789b561a0,0x000000078a080000)
  to   space 12288K, 0% used [0x000000078d900000,0x000000078d900000,0x000000078e500000)
 ParOldGen       total 87040K, used 19704K [0x0000000701200000, 0x0000000706700000, 0x0000000780600000)
  object space 87040K, 22% used [0x0000000701200000,0x000000070253e290,0x0000000706700000)
 Metaspace       used 34741K, capacity 35084K, committed 35416K, reserved 1081344K
  class space    used 4311K, capacity 4401K, committed 4480K, reserved 1048576K
}
Event: 35.193 GC heap before
{Heap before GC invocations=15 (full 2):
 PSYoungGen      total 158208K, used 7512K [0x0000000780600000, 0x000000078e500000, 0x00000007c0000000)
  eden space 145408K, 0% used [0x0000000780600000,0x0000000780600000,0x0000000789400000)
  from space 12800K, 58% used [0x0000000789400000,0x0000000789b561a0,0x000000078a080000)
  to   space 12288K, 0% used [0x000000078d900000,0x000000078d900000,0x000000078e500000)
 ParOldGen       total 87040K, used 19704K [0x0000000701200000, 0x0000000706700000, 0x0000000780600000)
  object space 87040K, 22% used [0x0000000701200000,0x000000070253e290,0x0000000706700000)
 Metaspace       used 34741K, capacity 35084K, committed 35416K, reserved 1081344K
  class space    used 4311K, capacity 4401K, committed 4480K, reserved 1048576K

