# JRE version: Java(TM) SE Runtime Environment (8.0_191-b12) (build 1.8.0_191-b12)
# Java VM: Java HotSpot(TM) 64-Bit Server VM (25.191-b12 mixed mode windows-amd64 compressed oops)
Heap:
 PSYoungGen      total 220672K, used 148913K [0x0000000780600000, 0x000000078ee80000, 0x00000007c0000000)
  eden space 206336K, 66% used [0x0000000780600000,0x0000000788b68468,0x000000078cf80000)
  from space 14336K, 85% used [0x000000078e080000,0x000000078ec84280,0x000000078ee80000)
  to   space 15872K, 0% used [0x000000078cf80000,0x000000078cf80000,0x000000078df00000)
 ParOldGen       total 89088K, used 11855K [0x0000000701200000, 0x0000000706900000, 0x0000000780600000)
  object space 89088K, 13% used [0x0000000701200000,0x0000000701d93f70,0x0000000706900000)
 Metaspace       used 32827K, capacity 33168K, committed 33536K, reserved 1079296K
  class space    used 4196K, capacity 4289K, committed 4352K, reserved 1048576K
GC Heap History (10 events):
Event: 6.115 GC heap before
{Heap before GC invocations=5 (full 1):
 PSYoungGen      total 106496K, used 8189K [0x0000000780600000, 0x0000000787600000, 0x00000007c0000000)
  eden space 98304K, 0% used [0x0000000780600000,0x0000000780600000,0x0000000786600000)
  from space 8192K, 99% used [0x0000000786e00000,0x00000007875ff750,0x0000000787600000)
  to   space 8192K, 0% used [0x0000000786600000,0x0000000786600000,0x0000000786e00000)
 ParOldGen       total 131072K, used 9442K [0x0000000701200000, 0x0000000709200000, 0x0000000780600000)
  object space 131072K, 7% used [0x0000000701200000,0x0000000701b389a8,0x0000000709200000)
 Metaspace       used 20946K, capacity 21134K, committed 21296K, reserved 1069056K
  class space    used 2552K, capacity 2608K, committed 2688K, reserved 1048576K
Event: 6.260 GC heap after
Heap after GC invocations=5 (full 1):
 PSYoungGen      total 106496K, used 0K [0x0000000780600000, 0x0000000787600000, 0x00000007c0000000)
  eden space 98304K, 0% used [0x0000000780600000,0x0000000780600000,0x0000000786600000)
  from space 8192K, 0% used [0x0000000786e00000,0x0000000786e00000,0x0000000787600000)
  to   space 8192K, 0% used [0x0000000786600000,0x0000000786600000,0x0000000786e00000)
 ParOldGen       total 89088K, used 11831K [0x0000000701200000, 0x0000000706900000, 0x0000000780600000)
  object space 89088K, 13% used [0x0000000701200000,0x0000000701d8df70,0x0000000706900000)
 Metaspace       used 20946K, capacity 21134K, committed 21296K, reserved 1069056K
  class space    used 2552K, capacity 2608K, committed 2688K, reserved 1048576K
}
Event: 9.155 GC heap before
{Heap before GC invocations=6 (full 1):
 PSYoungGen      total 106496K, used 98304K [0x0000000780600000, 0x0000000787600000, 0x00000007c0000000)
  eden space 98304K, 100% used [0x0000000780600000,0x0000000786600000,0x0000000786600000)
  from space 8192K, 0% used [0x0000000786e00000,0x0000000786e00000,0x0000000787600000)
  to   space 8192K, 0% used [0x0000000786600000,0x0000000786600000,0x0000000786e00000)
 ParOldGen       total 89088K, used 11831K [0x0000000701200000, 0x0000000706900000, 0x0000000780600000)
  object space 89088K, 13% used [0x0000000701200000,0x0000000701d8df70,0x0000000706900000)
 Metaspace       used 22403K, capacity 22696K, committed 22960K, reserved 1069056K
  class space    used 2708K, capacity 2789K, committed 2816K, reserved 1048576K
Event: 9.167 GC heap after
Heap after GC invocations=6 (full 1):
 PSYoungGen      total 106496K, used 4855K [0x0000000780600000, 0x000000078b380000, 0x00000007c0000000)
  eden space 98304K, 0% used [0x0000000780600000,0x0000000780600000,0x0000000786600000)
  from space 8192K, 59% used [0x0000000786600000,0x0000000786abdf30,0x0000000786e00000)
  to   space 15872K, 0% used [0x000000078a400000,0x000000078a400000,0x000000078b380000)
 ParOldGen       total 89088K, used 11839K [0x0000000701200000, 0x0000000706900000, 0x0000000780600000)
  object space 89088K, 13% used [0x0000000701200000,0x0000000701d8ff70,0x0000000706900000)
 Metaspace       used 22403K, capacity 22696K, committed 22960K, reserved 1069056K
  class space    used 2708K, capacity 2789K, committed 2816K, reserved 1048576K
}
Event: 10.717 GC heap before
{Heap before GC invocations=7 (full 1):
 PSYoungGen      total 106496K, used 103159K [0x0000000780600000, 0x000000078b380000, 0x00000007c0000000)
  eden space 98304K, 100% used [0x0000000780600000,0x0000000786600000,0x0000000786600000)
  from space 8192K, 59% used [0x0000000786600000,0x0000000786abdf30,0x0000000786e00000)
  to   space 15872K, 0% used [0x000000078a400000,0x000000078a400000,0x000000078b380000)
 ParOldGen       total 89088K, used 11839K [0x0000000701200000, 0x0000000706900000, 0x0000000780600000)
  object space 89088K, 13% used [0x0000000701200000,0x0000000701d8ff70,0x0000000706900000)
 Metaspace       used 24060K, capacity 24422K, committed 24576K, reserved 1071104K
  class space    used 2919K, capacity 3018K, committed 3072K, reserved 1048576K
Event: 10.743 GC heap after
Heap after GC invocations=7 (full 1):
 PSYoungGen      total 156672K, used 8799K [0x0000000780600000, 0x000000078b000000, 0x00000007c0000000)
  eden space 144384K, 0% used [0x0000000780600000,0x0000000780600000,0x0000000789300000)
  from space 12288K, 71% used [0x000000078a400000,0x000000078ac97db0,0x000000078b000000)
  to   space 14848K, 0% used [0x0000000789300000,0x0000000789300000,0x000000078a180000)
 ParOldGen       total 89088K, used 11847K [0x0000000701200000, 0x0000000706900000, 0x0000000780600000)
  object space 89088K, 13% used [0x0000000701200000,0x0000000701d91f70,0x0000000706900000)
 Metaspace       used 24060K, capacity 24422K, committed 24576K, reserved 1071104K
  class space    used 2919K, capacity 3018K, committed 3072K, reserved 1048576K
}
Event: 14.204 GC heap before
{Heap before GC invocations=8 (full 1):
 PSYoungGen      total 156672K, used 153183K [0x0000000780600000, 0x000000078b000000, 0x00000007c0000000)
  eden space 144384K, 100% used [0x0000000780600000,0x0000000789300000,0x0000000789300000)
  from space 12288K, 71% used [0x000000078a400000,0x000000078ac97db0,0x000000078b000000)
  to   space 14848K, 0% used [0x0000000789300000,0x0000000789300000,0x000000078a180000)
 ParOldGen       total 89088K, used 11847K [0x0000000701200000, 0x0000000706900000, 0x0000000780600000)
  object space 89088K, 13% used [0x0000000701200000,0x0000000701d91f70,0x0000000706900000)
 Metaspace       used 26135K, capacity 26474K, committed 26752K, reserved 1073152K
  class space    used 3288K, capacity 3376K, committed 3456K, reserved 1048576K
Event: 14.253 GC heap after
Heap after GC invocations=8 (full 1):
 PSYoungGen      total 159232K, used 10788K [0x0000000780600000, 0x000000078ef00000, 0x00000007c0000000)
  eden space 144384K, 0% used [0x0000000780600000,0x0000000780600000,0x0000000789300000)
  from space 14848K, 72% used [0x0000000789300000,0x0000000789d893e0,0x000000078a180000)
  to   space 14848K, 0% used [0x000000078e080000,0x000000078e080000,0x000000078ef00000)
 ParOldGen       total 89088K, used 11847K [0x0000000701200000, 0x0000000706900000, 0x0000000780600000)
  object space 89088K, 13% used [0x0000000701200000,0x0000000701d91f70,0x0000000706900000)
 Metaspace       used 26135K, capacity 26474K, committed 26752K, reserved 1073152K
  class space    used 3288K, capacity 3376K, committed 3456K, reserved 1048576K
}
Event: 16.818 GC heap before
{Heap before GC invocations=9 (full 1):
 PSYoungGen      total 159232K, used 155172K [0x0000000780600000, 0x000000078ef00000, 0x00000007c0000000)
  eden space 144384K, 100% used [0x0000000780600000,0x0000000789300000,0x0000000789300000)
  from space 14848K, 72% used [0x0000000789300000,0x0000000789d893e0,0x000000078a180000)
  to   space 14848K, 0% used [0x000000078e080000,0x000000078e080000,0x000000078ef00000)
 ParOldGen       total 89088K, used 11847K [0x0000000701200000, 0x0000000706900000, 0x0000000780600000)
  object space 89088K, 13% used [0x0000000701200000,0x0000000701d91f70,0x0000000706900000)
 Metaspace       used 29729K, capacity 30080K, committed 30336K, reserved 1075200K
  class space    used 3786K, capacity 3865K, committed 3968K, reserved 1048576K
Event: 16.853 GC heap after
Heap after GC invocations=9 (full 1):
 PSYoungGen      total 220672K, used 12304K [0x0000000780600000, 0x000000078ee80000, 0x00000007c0000000)
  eden space 206336K, 0% used [0x0000000780600000,0x0000000780600000,0x000000078cf80000)
  from space 14336K, 85% used [0x000000078e080000,0x000000078ec84280,0x000000078ee80000)
  to   space 15872K, 0% used [0x000000078cf80000,0x000000078cf80000,0x000000078df00000)
 ParOldGen       total 89088K, used 11855K [0x0000000701200000, 0x0000000706900000, 0x0000000780600000)
  object space 89088K, 13% used [0x0000000701200000,0x0000000701d93f70,0x0000000706900000)
 Metaspace       used 29729K, capacity 30080K, committed 30336K, reserved 1075200K
  class space    used 3786K, capacity 3865K, committed 3968K, reserved 1048576K
}

