# JRE version: Java(TM) SE Runtime Environment (8.0_191-b12) (build 1.8.0_191-b12)
# Java VM: Java HotSpot(TM) 64-Bit Server VM (25.191-b12 mixed mode windows-amd64 compressed oops)
Heap:
 PSYoungGen      total 197120K, used 70179K [0x0000000780600000, 0x000000078d480000, 0x00000007c0000000)
  eden space 182784K, 38% used [0x0000000780600000,0x0000000784a88e30,0x000000078b880000)
  from space 14336K, 0% used [0x000000078b880000,0x000000078b880000,0x000000078c680000)
  to   space 10752K, 0% used [0x000000078ca00000,0x000000078ca00000,0x000000078d480000)
 ParOldGen       total 81920K, used 23858K [0x0000000701200000, 0x0000000706200000, 0x0000000780600000)
  object space 81920K, 29% used [0x0000000701200000,0x000000070294ca08,0x0000000706200000)
 Metaspace       used 36969K, capacity 37408K, committed 37720K, reserved 1083392K
  class space    used 4600K, capacity 4723K, committed 4736K, reserved 1048576K
GC Heap History (10 events):
Event: 16.654 GC heap before
{Heap before GC invocations=9 (full 1):
 PSYoungGen      total 98816K, used 91434K [0x0000000780600000, 0x000000078a780000, 0x00000007c0000000)
  eden space 82944K, 100% used [0x0000000780600000,0x0000000785700000,0x0000000785700000)
  from space 15872K, 53% used [0x0000000785700000,0x0000000785f4a988,0x0000000786680000)
  to   space 14848K, 0% used [0x0000000789900000,0x0000000789900000,0x000000078a780000)
 ParOldGen       total 81920K, used 12001K [0x0000000701200000, 0x0000000706200000, 0x0000000780600000)
  object space 81920K, 14% used [0x0000000701200000,0x0000000701db8478,0x0000000706200000)
 Metaspace       used 25044K, capacity 25330K, committed 25728K, reserved 1071104K
  class space    used 3020K, capacity 3084K, committed 3200K, reserved 1048576K
Event: 16.673 GC heap after
Heap after GC invocations=9 (full 1):
 PSYoungGen      total 149504K, used 6949K [0x0000000780600000, 0x000000078a680000, 0x00000007c0000000)
  eden space 135680K, 0% used [0x0000000780600000,0x0000000780600000,0x0000000788a80000)
  from space 13824K, 50% used [0x0000000789900000,0x0000000789fc9498,0x000000078a680000)
  to   space 14336K, 0% used [0x0000000788a80000,0x0000000788a80000,0x0000000789880000)
 ParOldGen       total 81920K, used 12001K [0x0000000701200000, 0x0000000706200000, 0x0000000780600000)
  object space 81920K, 14% used [0x0000000701200000,0x0000000701db8478,0x0000000706200000)
 Metaspace       used 25044K, capacity 25330K, committed 25728K, reserved 1071104K
  class space    used 3020K, capacity 3084K, committed 3200K, reserved 1048576K
}
Event: 20.102 GC heap before
{Heap before GC invocations=10 (full 1):
 PSYoungGen      total 149504K, used 142629K [0x0000000780600000, 0x000000078a680000, 0x00000007c0000000)
  eden space 135680K, 100% used [0x0000000780600000,0x0000000788a80000,0x0000000788a80000)
  from space 13824K, 50% used [0x0000000789900000,0x0000000789fc9498,0x000000078a680000)
  to   space 14336K, 0% used [0x0000000788a80000,0x0000000788a80000,0x0000000789880000)
 ParOldGen       total 81920K, used 12001K [0x0000000701200000, 0x0000000706200000, 0x0000000780600000)
  object space 81920K, 14% used [0x0000000701200000,0x0000000701db8478,0x0000000706200000)
 Metaspace       used 26279K, capacity 26602K, committed 27008K, reserved 1073152K
  class space    used 3271K, capacity 3376K, committed 3456K, reserved 1048576K
Event: 20.134 GC heap after
Heap after GC invocations=10 (full 1):
 PSYoungGen      total 150016K, used 10428K [0x0000000780600000, 0x000000078d880000, 0x00000007c0000000)
  eden space 135680K, 0% used [0x0000000780600000,0x0000000780600000,0x0000000788a80000)
  from space 14336K, 72% used [0x0000000788a80000,0x00000007894af038,0x0000000789880000)
  to   space 14848K, 0% used [0x000000078ca00000,0x000000078ca00000,0x000000078d880000)
 ParOldGen       total 81920K, used 12409K [0x0000000701200000, 0x0000000706200000, 0x0000000780600000)
  object space 81920K, 15% used [0x0000000701200000,0x0000000701e1e478,0x0000000706200000)
 Metaspace       used 26279K, capacity 26602K, committed 27008K, reserved 1073152K
  class space    used 3271K, capacity 3376K, committed 3456K, reserved 1048576K
}
Event: 23.786 GC heap before
{Heap before GC invocations=11 (full 1):
 PSYoungGen      total 150016K, used 146108K [0x0000000780600000, 0x000000078d880000, 0x00000007c0000000)
  eden space 135680K, 100% used [0x0000000780600000,0x0000000788a80000,0x0000000788a80000)
  from space 14336K, 72% used [0x0000000788a80000,0x00000007894af038,0x0000000789880000)
  to   space 14848K, 0% used [0x000000078ca00000,0x000000078ca00000,0x000000078d880000)
 ParOldGen       total 81920K, used 12409K [0x0000000701200000, 0x0000000706200000, 0x0000000780600000)
  object space 81920K, 15% used [0x0000000701200000,0x0000000701e1e478,0x0000000706200000)
 Metaspace       used 30106K, capacity 30496K, committed 30848K, reserved 1077248K
  class space    used 3784K, capacity 3897K, committed 3968K, reserved 1048576K
Event: 23.806 GC heap after
Heap after GC invocations=11 (full 1):
 PSYoungGen      total 193536K, used 9199K [0x0000000780600000, 0x000000078d480000, 0x00000007c0000000)
  eden space 182784K, 0% used [0x0000000780600000,0x0000000780600000,0x000000078b880000)
  from space 10752K, 85% used [0x000000078ca00000,0x000000078d2fbf80,0x000000078d480000)
  to   space 14336K, 0% used [0x000000078b880000,0x000000078b880000,0x000000078c680000)
 ParOldGen       total 81920K, used 14493K [0x0000000701200000, 0x0000000706200000, 0x0000000780600000)
  object space 81920K, 17% used [0x0000000701200000,0x0000000702027538,0x0000000706200000)
 Metaspace       used 30106K, capacity 30496K, committed 30848K, reserved 1077248K
  class space    used 3784K, capacity 3897K, committed 3968K, reserved 1048576K
}
Event: 27.921 GC heap before
{Heap before GC invocations=12 (full 1):
 PSYoungGen      total 193536K, used 177618K [0x0000000780600000, 0x000000078d480000, 0x00000007c0000000)
  eden space 182784K, 92% used [0x0000000780600000,0x000000078aa78930,0x000000078b880000)
  from space 10752K, 85% used [0x000000078ca00000,0x000000078d2fbf80,0x000000078d480000)
  to   space 14336K, 0% used [0x000000078b880000,0x000000078b880000,0x000000078c680000)
 ParOldGen       total 81920K, used 14493K [0x0000000701200000, 0x0000000706200000, 0x0000000780600000)
  object space 81920K, 17% used [0x0000000701200000,0x0000000702027538,0x0000000706200000)
 Metaspace       used 34787K, capacity 35092K, committed 35416K, reserved 1081344K
  class space    used 4320K, capacity 4401K, committed 4480K, reserved 1048576K
Event: 27.958 GC heap after
Heap after GC invocations=12 (full 1):
 PSYoungGen      total 197120K, used 10229K [0x0000000780600000, 0x000000078d480000, 0x00000007c0000000)
  eden space 182784K, 0% used [0x0000000780600000,0x0000000780600000,0x000000078b880000)
  from space 14336K, 71% used [0x000000078b880000,0x000000078c27d580,0x000000078c680000)
  to   space 10752K, 0% used [0x000000078ca00000,0x000000078ca00000,0x000000078d480000)
 ParOldGen       total 81920K, used 17394K [0x0000000701200000, 0x0000000706200000, 0x0000000780600000)
  object space 81920K, 21% used [0x0000000701200000,0x00000007022fc918,0x0000000706200000)
 Metaspace       used 34787K, capacity 35092K, committed 35416K, reserved 1081344K
  class space    used 4320K, capacity 4401K, committed 4480K, reserved 1048576K
}
Event: 27.958 GC heap before
{Heap before GC invocations=13 (full 2):
 PSYoungGen      total 197120K, used 10229K [0x0000000780600000, 0x000000078d480000, 0x00000007c0000000)
  eden space 182784K, 0% used [0x0000000780600000,0x0000000780600000,0x000000078b880000)
  from space 14336K, 71% used [0x000000078b880000,0x000000078c27d580,0x000000078c680000)
  to   space 10752K, 0% used [0x000000078ca00000,0x000000078ca00000,0x000000078d480000)
 ParOldGen       total 81920K, used 17394K [0x0000000701200000, 0x0000000706200000, 0x0000000780600000)
  object space 81920K, 21% used [0x0000000701200000,0x00000007022fc918,0x0000000706200000)
 Metaspace       used 34787K, capacity 35092K, committed 35416K, reserved 1081344K
  class space    used 4320K, capacity 4401K, committed 4480K, reserved 1048576K
Event: 28.158 GC heap after
Heap after GC invocations=13 (full 2):
 PSYoungGen      total 197120K, used 0K [0x0000000780600000, 0x000000078d480000, 0x00000007c0000000)
  eden space 182784K, 0% used [0x0000000780600000,0x0000000780600000,0x000000078b880000)
  from space 14336K, 0% used [0x000000078b880000,0x000000078b880000,0x000000078c680000)
  to   space 10752K, 0% used [0x000000078ca00000,0x000000078ca00000,0x000000078d480000)
 ParOldGen       total 81920K, used 23858K [0x0000000701200000, 0x0000000706200000, 0x0000000780600000)
  object space 81920K, 29% used [0x0000000701200000,0x000000070294ca08,0x0000000706200000)
 Metaspace       used 34787K, capacity 35092K, committed 35416K, reserved 1081344K
  class space    used 4320K, capacity 4401K, committed 4480K, reserved 1048576K
}

