# JRE version: Java(TM) SE Runtime Environment (8.0_191-b12) (build 1.8.0_191-b12)
# Java VM: Java HotSpot(TM) 64-Bit Server VM (25.191-b12 mixed mode windows-amd64 compressed oops)
Heap:
 PSYoungGen      total 150016K, used 133777K [0x0000000780600000, 0x000000078da80000, 0x00000007c0000000)
  eden space 135168K, 91% used [0x0000000780600000,0x0000000787ebd560,0x0000000788a00000)
  from space 14848K, 68% used [0x0000000788a00000,0x00000007893e6ff8,0x0000000789880000)
  to   space 14848K, 0% used [0x000000078cc00000,0x000000078cc00000,0x000000078da80000)
 ParOldGen       total 95232K, used 12029K [0x0000000701200000, 0x0000000706f00000, 0x0000000780600000)
  object space 95232K, 12% used [0x0000000701200000,0x0000000701dbf610,0x0000000706f00000)
 Metaspace       used 28591K, capacity 28950K, committed 29312K, reserved 1075200K
  class space    used 3610K, capacity 3704K, committed 3712K, reserved 1048576K
GC Heap History (10 events):
Event: 5.896 GC heap before
{Heap before GC invocations=4 (full 0):
 PSYoungGen      total 57344K, used 41585K [0x0000000780600000, 0x0000000787600000, 0x00000007c0000000)
  eden space 49152K, 67% used [0x0000000780600000,0x000000078269cea8,0x0000000783600000)
  from space 8192K, 99% used [0x0000000783600000,0x0000000783dff7b0,0x0000000783e00000)
  to   space 8192K, 0% used [0x0000000786e00000,0x0000000786e00000,0x0000000787600000)
 ParOldGen       total 131072K, used 6571K [0x0000000701200000, 0x0000000709200000, 0x0000000780600000)
  object space 131072K, 5% used [0x0000000701200000,0x000000070186ad48,0x0000000709200000)
 Metaspace       used 20969K, capacity 21098K, committed 21296K, reserved 1069056K
  class space    used 2545K, capacity 2576K, committed 2688K, reserved 1048576K
Event: 5.920 GC heap after
Heap after GC invocations=4 (full 0):
 PSYoungGen      total 106496K, used 8167K [0x0000000780600000, 0x0000000787600000, 0x00000007c0000000)
  eden space 98304K, 0% used [0x0000000780600000,0x0000000780600000,0x0000000786600000)
  from space 8192K, 99% used [0x0000000786e00000,0x00000007875f9c20,0x0000000787600000)
  to   space 8192K, 0% used [0x0000000786600000,0x0000000786600000,0x0000000786e00000)
 ParOldGen       total 131072K, used 9613K [0x0000000701200000, 0x0000000709200000, 0x0000000780600000)
  object space 131072K, 7% used [0x0000000701200000,0x0000000701b637c0,0x0000000709200000)
 Metaspace       used 20969K, capacity 21098K, committed 21296K, reserved 1069056K
  class space    used 2545K, capacity 2576K, committed 2688K, reserved 1048576K
}
Event: 5.920 GC heap before
{Heap before GC invocations=5 (full 1):
 PSYoungGen      total 106496K, used 8167K [0x0000000780600000, 0x0000000787600000, 0x00000007c0000000)
  eden space 98304K, 0% used [0x0000000780600000,0x0000000780600000,0x0000000786600000)
  from space 8192K, 99% used [0x0000000786e00000,0x00000007875f9c20,0x0000000787600000)
  to   space 8192K, 0% used [0x0000000786600000,0x0000000786600000,0x0000000786e00000)
 ParOldGen       total 131072K, used 9613K [0x0000000701200000, 0x0000000709200000, 0x0000000780600000)
  object space 131072K, 7% used [0x0000000701200000,0x0000000701b637c0,0x0000000709200000)
 Metaspace       used 20969K, capacity 21098K, committed 21296K, reserved 1069056K
  class space    used 2545K, capacity 2576K, committed 2688K, reserved 1048576K
Event: 6.045 GC heap after
Heap after GC invocations=5 (full 1):
 PSYoungGen      total 106496K, used 0K [0x0000000780600000, 0x0000000787600000, 0x00000007c0000000)
  eden space 98304K, 0% used [0x0000000780600000,0x0000000780600000,0x0000000786600000)
  from space 8192K, 0% used [0x0000000786e00000,0x0000000786e00000,0x0000000787600000)
  to   space 8192K, 0% used [0x0000000786600000,0x0000000786600000,0x0000000786e00000)
 ParOldGen       total 95232K, used 12005K [0x0000000701200000, 0x0000000706f00000, 0x0000000780600000)
  object space 95232K, 12% used [0x0000000701200000,0x0000000701db9610,0x0000000706f00000)
 Metaspace       used 20969K, capacity 21098K, committed 21296K, reserved 1069056K
  class space    used 2545K, capacity 2576K, committed 2688K, reserved 1048576K
}
Event: 9.663 GC heap before
{Heap before GC invocations=6 (full 1):
 PSYoungGen      total 106496K, used 98304K [0x0000000780600000, 0x0000000787600000, 0x00000007c0000000)
  eden space 98304K, 100% used [0x0000000780600000,0x0000000786600000,0x0000000786600000)
  from space 8192K, 0% used [0x0000000786e00000,0x0000000786e00000,0x0000000787600000)
  to   space 8192K, 0% used [0x0000000786600000,0x0000000786600000,0x0000000786e00000)
 ParOldGen       total 95232K, used 12005K [0x0000000701200000, 0x0000000706f00000, 0x0000000780600000)
  object space 95232K, 12% used [0x0000000701200000,0x0000000701db9610,0x0000000706f00000)
 Metaspace       used 22409K, capacity 22692K, committed 22960K, reserved 1069056K
  class space    used 2702K, capacity 2789K, committed 2816K, reserved 1048576K
Event: 9.672 GC heap after
Heap after GC invocations=6 (full 1):
 PSYoungGen      total 106496K, used 4803K [0x0000000780600000, 0x000000078a800000, 0x00000007c0000000)
  eden space 98304K, 0% used [0x0000000780600000,0x0000000780600000,0x0000000786600000)
  from space 8192K, 58% used [0x0000000786600000,0x0000000786ab0dc0,0x0000000786e00000)
  to   space 15872K, 0% used [0x0000000789880000,0x0000000789880000,0x000000078a800000)
 ParOldGen       total 95232K, used 12013K [0x0000000701200000, 0x0000000706f00000, 0x0000000780600000)
  object space 95232K, 12% used [0x0000000701200000,0x0000000701dbb610,0x0000000706f00000)
 Metaspace       used 22409K, capacity 22692K, committed 22960K, reserved 1069056K
  class space    used 2702K, capacity 2789K, committed 2816K, reserved 1048576K
}
Event: 11.113 GC heap before
{Heap before GC invocations=7 (full 1):
 PSYoungGen      total 106496K, used 103107K [0x0000000780600000, 0x000000078a800000, 0x00000007c0000000)
  eden space 98304K, 100% used [0x0000000780600000,0x0000000786600000,0x0000000786600000)
  from space 8192K, 58% used [0x0000000786600000,0x0000000786ab0dc0,0x0000000786e00000)
  to   space 15872K, 0% used [0x0000000789880000,0x0000000789880000,0x000000078a800000)
 ParOldGen       total 95232K, used 12013K [0x0000000701200000, 0x0000000706f00000, 0x0000000780600000)
  object space 95232K, 12% used [0x0000000701200000,0x0000000701dbb610,0x0000000706f00000)
 Metaspace       used 24132K, capacity 24482K, committed 24832K, reserved 1071104K
  class space    used 2924K, capacity 3018K, committed 3072K, reserved 1048576K
Event: 11.145 GC heap after
Heap after GC invocations=7 (full 1):
 PSYoungGen      total 151040K, used 8833K [0x0000000780600000, 0x000000078aa80000, 0x00000007c0000000)
  eden space 135168K, 0% used [0x0000000780600000,0x0000000780600000,0x0000000788a00000)
  from space 15872K, 55% used [0x0000000789880000,0x000000078a120600,0x000000078a800000)
  to   space 14848K, 0% used [0x0000000788a00000,0x0000000788a00000,0x0000000789880000)
 ParOldGen       total 95232K, used 12021K [0x0000000701200000, 0x0000000706f00000, 0x0000000780600000)
  object space 95232K, 12% used [0x0000000701200000,0x0000000701dbd610,0x0000000706f00000)
 Metaspace       used 24132K, capacity 24482K, committed 24832K, reserved 1071104K
  class space    used 2924K, capacity 3018K, committed 3072K, reserved 1048576K
}
Event: 13.748 GC heap before
{Heap before GC invocations=8 (full 1):
 PSYoungGen      total 151040K, used 144001K [0x0000000780600000, 0x000000078aa80000, 0x00000007c0000000)
  eden space 135168K, 100% used [0x0000000780600000,0x0000000788a00000,0x0000000788a00000)
  from space 15872K, 55% used [0x0000000789880000,0x000000078a120600,0x000000078a800000)
  to   space 14848K, 0% used [0x0000000788a00000,0x0000000788a00000,0x0000000789880000)
 ParOldGen       total 95232K, used 12021K [0x0000000701200000, 0x0000000706f00000, 0x0000000780600000)
  object space 95232K, 12% used [0x0000000701200000,0x0000000701dbd610,0x0000000706f00000)
 Metaspace       used 26123K, capacity 26438K, committed 26752K, reserved 1073152K
  class space    used 3273K, capacity 3344K, committed 3456K, reserved 1048576K
Event: 13.774 GC heap after
Heap after GC invocations=8 (full 1):
 PSYoungGen      total 150016K, used 10139K [0x0000000780600000, 0x000000078da80000, 0x00000007c0000000)
  eden space 135168K, 0% used [0x0000000780600000,0x0000000780600000,0x0000000788a00000)
  from space 14848K, 68% used [0x0000000788a00000,0x00000007893e6ff8,0x0000000789880000)
  to   space 14848K, 0% used [0x000000078cc00000,0x000000078cc00000,0x000000078da80000)
 ParOldGen       total 95232K, used 12029K [0x0000000701200000, 0x0000000706f00000, 0x0000000780600000)
  object space 95232K, 12% used [0x0000000701200000,0x0000000701dbf610,0x0000000706f00000)
 Metaspace       used 26123K, capacity 26438K, committed 26752K, reserved 1073152K
  class space    used 3273K, capacity 3344K, committed 3456K, reserved 1048576K
}

